[3.448s] Invoking command in '/home/dron/ws_controller/src/log_data_pkg': LD_LIBRARY_PATH=/home/dron/ws_controller/install/custom_msgs/lib:/usr/local/cuda-12.6/lib64:/opt/ros/humble/opt/rviz_ogre_vendor/lib:/opt/ros/humble/lib/aarch64-linux-gnu:/opt/ros/humble/lib:/usr/local/cuda-12.6/lib64 PYTHONPATH=/home/dron/ws_controller/build/log_data_pkg/prefix_override:/usr/lib/python3/dist-packages/colcon_core/task/python/colcon_distutils_commands:/home/dron/ws_controller/install/log_data_pkg/lib/python3.10/site-packages:${PYTHONPATH} /usr/bin/python3 -W ignore:setup.py install is deprecated -W ignore:easy_install command is deprecated setup.py egg_info --egg-base ../../build/log_data_pkg build --build-base /home/dron/ws_controller/build/log_data_pkg/build install --record /home/dron/ws_controller/build/log_data_pkg/install.log --single-version-externally-managed install_data
[4.027s] Traceback (most recent call last):
[4.027s]   File "/home/dron/.local/lib/python3.10/site-packages/pkg_resources/__init__.py", line 2851, in get_entry_map
[4.028s]     ep_map = self._ep_map
[4.028s]   File "/home/dron/.local/lib/python3.10/site-packages/pkg_resources/__init__.py", line 2813, in __getattr__
[4.029s]     raise AttributeError(attr)
[4.029s] AttributeError: _ep_map. Did you mean: '_dep_map'?
[4.029s] 
[4.030s] During handling of the above exception, another exception occurred:
[4.030s] 
[4.030s] Traceback (most recent call last):
[4.030s]   File "/home/dron/ws_controller/src/log_data_pkg/setup.py", line 5, in <module>
[4.030s]     setup(
[4.031s]   File "/home/dron/.local/lib/python3.10/site-packages/setuptools/__init__.py", line 152, in setup
[4.031s]     _install_setup_requires(attrs)
[4.031s]   File "/home/dron/.local/lib/python3.10/site-packages/setuptools/__init__.py", line 142, in _install_setup_requires
[4.032s]     dist = MinimalDistribution(attrs)
[4.032s]   File "/home/dron/.local/lib/python3.10/site-packages/setuptools/__init__.py", line 134, in __init__
[4.032s]     distutils.core.Distribution.__init__(self, filtered)
[4.032s]   File "/home/dron/.local/lib/python3.10/site-packages/setuptools/dist.py", line 451, in __init__
[4.032s]     for ep in pkg_resources.iter_entry_points('distutils.setup_keywords'):
[4.032s]   File "/home/dron/.local/lib/python3.10/site-packages/pkg_resources/__init__.py", line 641, in <genexpr>
[4.032s]     for entry in dist.get_entry_map(group).values()
[4.032s]   File "/home/dron/.local/lib/python3.10/site-packages/pkg_resources/__init__.py", line 2853, in get_entry_map
[4.033s]     ep_map = self._ep_map = EntryPoint.parse_map(
[4.033s]   File "/home/dron/.local/lib/python3.10/site-packages/pkg_resources/__init__.py", line 2534, in parse_map
[4.033s]     for group, lines in data:
[4.033s]   File "/home/dron/.local/lib/python3.10/site-packages/pkg_resources/__init__.py", line 3190, in split_sections
[4.034s]     for line in yield_lines(s):
[4.034s]   File "/home/dron/.local/lib/python3.10/site-packages/pkg_resources/__init__.py", line 2394, in yield_lines
[4.034s]     for ss in strs:
[4.034s]   File "/home/dron/.local/lib/python3.10/site-packages/pkg_resources/__init__.py", line 2765, in _get_metadata
[4.034s]     for line in self.get_metadata_lines(name):
[4.034s]   File "/home/dron/.local/lib/python3.10/site-packages/pkg_resources/__init__.py", line 1417, in get_metadata_lines
[4.035s]     return yield_lines(self.get_metadata(name))
[4.035s]   File "/home/dron/.local/lib/python3.10/site-packages/pkg_resources/__init__.py", line 1407, in get_metadata
[4.035s]     value = self._get(path)
[4.035s]   File "/home/dron/.local/lib/python3.10/site-packages/pkg_resources/__init__.py", line 1611, in _get
[4.035s]     with open(path, 'rb') as stream:
[4.036s] FileNotFoundError: [Errno 2] No such file or directory: '/home/dron/ws_controller/install/flask_pkg/lib/python3.10/site-packages/flask_pkg-0.0.0-py3.10.egg-info/entry_points.txt'
[4.104s] Invoked command in '/home/dron/ws_controller/src/log_data_pkg' returned '1': LD_LIBRARY_PATH=/home/dron/ws_controller/install/custom_msgs/lib:/usr/local/cuda-12.6/lib64:/opt/ros/humble/opt/rviz_ogre_vendor/lib:/opt/ros/humble/lib/aarch64-linux-gnu:/opt/ros/humble/lib:/usr/local/cuda-12.6/lib64 PYTHONPATH=/home/dron/ws_controller/build/log_data_pkg/prefix_override:/usr/lib/python3/dist-packages/colcon_core/task/python/colcon_distutils_commands:/home/dron/ws_controller/install/log_data_pkg/lib/python3.10/site-packages:${PYTHONPATH} /usr/bin/python3 -W ignore:setup.py install is deprecated -W ignore:easy_install command is deprecated setup.py egg_info --egg-base ../../build/log_data_pkg build --build-base /home/dron/ws_controller/build/log_data_pkg/build install --record /home/dron/ws_controller/build/log_data_pkg/install.log --single-version-externally-managed install_data
