[0.056s] Invoking command in '/home/dron/ws_controller/build/custom_msgs': CMAKE_PREFIX_PATH=${CMAKE_PREFIX_PATH}:/home/dron/ws_controller/install/log_data_pkg:/home/dron/ws_controller/install/flight_controller_pkg:/home/dron/ws_controller/install/flask_pkg:/home/dron/Praca-magisterska/ros2_ws/install/um7_pkg:/home/dron/Praca-magisterska/ros2_ws/install/my_py_pkg:/home/dron/Praca-magisterska/ros2_ws/install/log_data_pkg:/home/dron/Praca-magisterska/ros2_ws/install/gs_pkg:/home/dron/Praca-magisterska/ros2_ws/install/flight_controller_pkg:/home/dron/Praca-magisterska/ros2_ws/install/flask_pkg:/home/dron/Praca-magisterska/ros2_ws/install/estimator_pkg:/opt/ros/humble VIRTUAL_ENV_PROMPT=(venv) /usr/bin/cmake --build /home/dron/ws_controller/build/custom_msgs -- -j4 -l4
[0.175s] -- Found ament_cmake: 1.3.12 (/opt/ros/humble/share/ament_cmake/cmake)
[0.857s] -- Found rosidl_default_generators: 1.2.0 (/opt/ros/humble/share/rosidl_default_generators/cmake)
[0.869s] -- Using all available rosidl_typesupport_c: rosidl_typesupport_fastrtps_c;rosidl_typesupport_introspection_c
[0.881s] -- Found rosidl_adapter: 3.1.7 (/opt/ros/humble/share/rosidl_adapter/cmake)
[1.021s] -- Using all available rosidl_typesupport_cpp: rosidl_typesupport_fastrtps_cpp;rosidl_typesupport_introspection_cpp
[2.161s] [31mCMake Error at /opt/ros/humble/share/rosidl_adapter/cmake/rosidl_adapt_interfaces.cmake:59 (message):
[2.162s]   execute_process(/usr/bin/python3 -m rosidl_adapter --package-name
[2.162s]   custom_msgs --arguments-file
[2.162s]   /home/dron/ws_controller/build/custom_msgs/rosidl_adapter__arguments__custom_msgs.json
[2.163s]   --output-dir
[2.163s]   /home/dron/ws_controller/build/custom_msgs/rosidl_adapter/custom_msgs
[2.163s]   --output-file
[2.164s]   /home/dron/ws_controller/build/custom_msgs/rosidl_adapter/custom_msgs.idls)
[2.164s]   returned error code 1:
[2.164s] 
[2.165s]   Error processing 'float64 xDistance' of 'custom_msgs/TagLocation':
[2.165s]   ''xDistance' is an invalid field name.  It should have the pattern
[2.165s]   '^(?!.*__)(?!.*_$)[a-z][a-z0-9_]*$''
[2.166s] 
[2.166s]   Traceback (most recent call last):
[2.167s] 
[2.167s]     File "/usr/lib/python3.10/runpy.py", line 196, in _run_module_as_main
[2.167s]       return _run_code(code, main_globals, None,
[2.168s]     File "/usr/lib/python3.10/runpy.py", line 86, in _run_code
[2.168s]       exec(code, run_globals)
[2.169s]     File "/opt/ros/humble/local/lib/python3.10/dist-packages/rosidl_adapter/__main__.py", line 19, in <module>
[2.169s]       sys.exit(main())
[2.170s]     File "/opt/ros/humble/local/lib/python3.10/dist-packages/rosidl_adapter/main.py", line 53, in main
[2.170s]       abs_idl_file = convert_to_idl(
[2.171s]     File "/opt/ros/humble/local/lib/python3.10/dist-packages/rosidl_adapter/__init__.py", line 19, in convert_to_idl
[2.171s]       return convert_msg_to_idl(
[2.172s]     File "/opt/ros/humble/local/lib/python3.10/dist-packages/rosidl_adapter/msg/__init__.py", line 28, in convert_msg_to_idl
[2.172s]       msg = parse_message_string(package_name, input_file.stem, content)
[2.173s]     File "/opt/ros/humble/local/lib/python3.10/dist-packages/rosidl_adapter/parser.py", line 519, in parse_message_string
[2.173s]       fields.append(Field(
[2.174s]     File "/opt/ros/humble/local/lib/python3.10/dist-packages/rosidl_adapter/parser.py", line 354, in __init__
[2.174s]       raise NameError(
[2.174s] 
[2.175s]   NameError: 'xDistance' is an invalid field name.  It should have the
[2.175s]   pattern '^(?!.*__)(?!.*_$)[a-z][a-z0-9_]*$'
[2.176s] 
[2.176s] Call Stack (most recent call first):
[2.177s]   /opt/ros/humble/share/rosidl_cmake/cmake/rosidl_generate_interfaces.cmake:130 (rosidl_adapt_interfaces)
[2.178s]   CMakeLists.txt:16 (rosidl_generate_interfaces)
[2.178s] 
[2.179s] [0m
[2.179s] -- Configuring incomplete, errors occurred!
[2.179s] See also "/home/dron/ws_controller/build/custom_msgs/CMakeFiles/CMakeOutput.log".
[2.180s] gmake: *** [Makefile:2475: cmake_check_build_system] Error 1
[2.185s] Invoked command in '/home/dron/ws_controller/build/custom_msgs' returned '2': CMAKE_PREFIX_PATH=${CMAKE_PREFIX_PATH}:/home/dron/ws_controller/install/log_data_pkg:/home/dron/ws_controller/install/flight_controller_pkg:/home/dron/ws_controller/install/flask_pkg:/home/dron/Praca-magisterska/ros2_ws/install/um7_pkg:/home/dron/Praca-magisterska/ros2_ws/install/my_py_pkg:/home/dron/Praca-magisterska/ros2_ws/install/log_data_pkg:/home/dron/Praca-magisterska/ros2_ws/install/gs_pkg:/home/dron/Praca-magisterska/ros2_ws/install/flight_controller_pkg:/home/dron/Praca-magisterska/ros2_ws/install/flask_pkg:/home/dron/Praca-magisterska/ros2_ws/install/estimator_pkg:/opt/ros/humble VIRTUAL_ENV_PROMPT=(venv) /usr/bin/cmake --build /home/dron/ws_controller/build/custom_msgs -- -j4 -l4
